[  9333.175] 
X.Org X Server 1.21.1.3
X Protocol Version 11, Revision 0
[  9333.179] Current Operating System: Linux rayitx1 5.15.16-gentoo-x86_64 #1 SMP Sat Feb 5 09:16:00 CET 2022 x86_64
[  9333.179] Kernel command line: BOOT_IMAGE=/vmlinuz-5.15.16-gentoo-x86_64 root=UUID=52e1c5f1-6e6d-4232-9a9e-e9d60a2a511d ro
[  9333.181]  
[  9333.182] Current version of pixman: 0.40.0
[  9333.185] 	Before reporting problems, check http://wiki.x.org
	to make sure that you have the latest version.
[  9333.185] Markers: (--) probed, (**) from config file, (==) default setting,
	(++) from command line, (!!) notice, (II) informational,
	(WW) warning, (EE) error, (NI) not implemented, (??) unknown.
[  9333.190] (==) Log file: "/home/rayit/.local/share/xorg/Xorg.0.log", Time: Sat Feb  5 21:50:24 2022
[  9333.191] (==) Using system config directory "/usr/share/X11/xorg.conf.d"
[  9333.192] (==) No Layout section.  Using the first Screen section.
[  9333.192] (==) No screen section available. Using defaults.
[  9333.192] (**) |-->Screen "Default Screen Section" (0)
[  9333.192] (**) |   |-->Monitor "<default monitor>"
[  9333.192] (==) No monitor specified for screen "Default Screen Section".
	Using a default monitor configuration.
[  9333.192] (==) Automatically adding devices
[  9333.192] (==) Automatically enabling devices
[  9333.192] (==) Automatically adding GPU devices
[  9333.192] (==) Automatically binding GPU devices
[  9333.192] (==) Max clients allowed: 256, resource mask: 0x1fffff
[  9333.192] (WW) The directory "/usr/share/fonts/OTF" does not exist.
[  9333.192] 	Entry deleted from font path.
[  9333.192] (WW) The directory "/usr/share/fonts/Type1" does not exist.
[  9333.192] 	Entry deleted from font path.
[  9333.192] (WW) `fonts.dir' not found (or not valid) in "/usr/share/fonts/100dpi".
[  9333.192] 	Entry deleted from font path.
[  9333.192] 	(Run 'mkfontdir' on "/usr/share/fonts/100dpi").
[  9333.192] (WW) `fonts.dir' not found (or not valid) in "/usr/share/fonts/75dpi".
[  9333.192] 	Entry deleted from font path.
[  9333.192] 	(Run 'mkfontdir' on "/usr/share/fonts/75dpi").
[  9333.192] (==) FontPath set to:
	/usr/share/fonts/misc,
	/usr/share/fonts/TTF
[  9333.192] (==) ModulePath set to "/usr/lib64/xorg/modules"
[  9333.192] (II) The server relies on udev to provide the list of input devices.
	If no devices become available, reconfigure udev or disable AutoAddDevices.
[  9333.192] (II) Module ABI versions:
[  9333.192] 	X.Org ANSI C Emulation: 0.4
[  9333.192] 	X.Org Video Driver: 25.2
[  9333.192] 	X.Org XInput driver : 24.4
[  9333.192] 	X.Org Server Extension : 10.0
[  9333.192] (++) using VT number 1

[  9333.194] (II) systemd-logind: took control of session /org/freedesktop/login1/session/_33
[  9333.194] (II) xfree86: Adding drm device (/dev/dri/card0)
[  9333.194] (II) Platform probe for /sys/devices/pci0000:00/0000:00:02.0/drm/card0
[  9333.194] (II) systemd-logind: got fd for /dev/dri/card0 226:0 fd 10 paused 0
[  9333.195] (--) PCI:*(0@0:2:0) 8086:3ea0:17aa:2292 rev 2, Mem @ 0xe0000000/16777216, 0xd0000000/268435456, I/O @ 0x00002000/64, BIOS @ 0x????????/131072
[  9333.195] (II) LoadModule: "glx"
[  9333.195] (II) Loading /usr/lib64/xorg/modules/extensions/libglx.so
[  9333.196] (II) Module glx: vendor="X.Org Foundation"
[  9333.196] 	compiled for 1.21.1.3, module version = 1.0.0
[  9333.196] 	ABI class: X.Org Server Extension, version 10.0
[  9333.196] (==) Matched intel as autoconfigured driver 0
[  9333.196] (==) Matched modesetting as autoconfigured driver 1
[  9333.196] (==) Matched fbdev as autoconfigured driver 2
[  9333.196] (==) Matched vesa as autoconfigured driver 3
[  9333.196] (==) Assigned the driver to the xf86ConfigLayout
[  9333.196] (II) LoadModule: "intel"
[  9333.196] (II) Loading /usr/lib64/xorg/modules/drivers/intel_drv.so
[  9333.196] (II) Module intel: vendor="X.Org Foundation"
[  9333.196] 	compiled for 1.21.1.3, module version = 2.99.917
[  9333.196] 	Module class: X.Org Video Driver
[  9333.196] 	ABI class: X.Org Video Driver, version 25.2
[  9333.196] (II) LoadModule: "modesetting"
[  9333.196] (II) Loading /usr/lib64/xorg/modules/drivers/modesetting_drv.so
[  9333.197] (II) Module modesetting: vendor="X.Org Foundation"
[  9333.197] 	compiled for 1.21.1.3, module version = 1.21.1
[  9333.197] 	Module class: X.Org Video Driver
[  9333.197] 	ABI class: X.Org Video Driver, version 25.2
[  9333.197] (II) LoadModule: "fbdev"
[  9333.197] (WW) Warning, couldn't open module fbdev
[  9333.197] (EE) Failed to load module "fbdev" (module does not exist, 0)
[  9333.197] (II) LoadModule: "vesa"
[  9333.197] (WW) Warning, couldn't open module vesa
[  9333.197] (EE) Failed to load module "vesa" (module does not exist, 0)
[  9333.197] (II) intel: Driver for Intel(R) Integrated Graphics Chipsets:
	i810, i810-dc100, i810e, i815, i830M, 845G, 854, 852GM/855GM, 865G,
	915G, E7221 (i915), 915GM, 945G, 945GM, 945GME, Pineview GM,
	Pineview G, 965G, G35, 965Q, 946GZ, 965GM, 965GME/GLE, G33, Q35, Q33,
	GM45, 4 Series, G45/G43, Q45/Q43, G41, B43
[  9333.197] (II) intel: Driver for Intel(R) HD Graphics
[  9333.197] (II) intel: Driver for Intel(R) Iris(TM) Graphics
[  9333.197] (II) intel: Driver for Intel(R) Iris(TM) Pro Graphics
[  9333.197] (II) modesetting: Driver for Modesetting Kernel Drivers: kms
[  9333.197] xf86EnableIO: failed to enable I/O ports 0000-03ff (Operation not permitted)
[  9333.198] (II) intel(0): Using Kernel Mode Setting driver: i915, version 1.6.0 20201103
[  9333.215] (WW) Falling back to old probe method for modesetting
[  9333.215] (WW) VGA arbiter: cannot open kernel arbiter, no multi-card support
[  9333.215] (--) intel(0): Integrated Graphics Chipset: Intel(R) HD Graphics
[  9333.215] (--) intel(0): CPU: x86-64, sse2, sse3, ssse3, sse4.1, sse4.2, avx, avx2; using a maximum of 4 threads
[  9333.215] (II) intel(0): Creating default Display subsection in Screen section
	"Default Screen Section" for depth/fbbpp 24/32
[  9333.215] (==) intel(0): Depth 24, (--) framebuffer bpp 32
[  9333.215] (==) intel(0): RGB weight 888
[  9333.215] (==) intel(0): Default visual is TrueColor
[  9333.215] (II) intel(0): Output eDP1 has no monitor section
[  9333.216] (**) intel(0): Found backlight control interface intel_backlight (type 'raw') for output eDP1
[  9333.216] (II) intel(0): Enabled output eDP1
[  9333.216] (II) intel(0): Output DP1 has no monitor section
[  9333.216] (II) intel(0): Enabled output DP1
[  9333.216] (II) intel(0): Output HDMI1 has no monitor section
[  9333.216] (II) intel(0): Enabled output HDMI1
[  9333.216] (II) intel(0): Output DP2 has no monitor section
[  9333.216] (II) intel(0): Enabled output DP2
[  9333.216] (--) intel(0): Using a maximum size of 256x256 for hardware cursors
[  9333.216] (II) intel(0): Output VIRTUAL1 has no monitor section
[  9333.216] (II) intel(0): Enabled output VIRTUAL1
[  9333.216] (--) intel(0): Output eDP1 using initial mode 1920x1080 on pipe 0
[  9333.216] (==) intel(0): TearFree enabled
[  9333.216] (==) intel(0): Using gamma correction (1.0, 1.0, 1.0)
[  9333.216] (==) intel(0): DPI set to (96, 96)
[  9333.216] (II) Loading sub module "dri3"
[  9333.216] (II) LoadModule: "dri3"
[  9333.216] (II) Module "dri3" already built-in
[  9333.216] (II) Loading sub module "dri2"
[  9333.216] (II) LoadModule: "dri2"
[  9333.216] (II) Module "dri2" already built-in
[  9333.216] (II) Loading sub module "present"
[  9333.216] (II) LoadModule: "present"
[  9333.216] (II) Module "present" already built-in
[  9333.216] (II) UnloadModule: "modesetting"
[  9333.216] (II) Unloading modesetting
[  9333.216] (II) intel(0): SNA initialized with Coffeelake (gen9) backend
[  9333.216] (==) intel(0): Backing store enabled
[  9333.216] (==) intel(0): Silken mouse enabled
[  9333.216] (II) intel(0): HW Cursor enabled
[  9333.216] (==) intel(0): DPMS enabled
[  9333.217] (==) intel(0): Display hotplug detection enabled
[  9333.217] (II) intel(0): [DRI2] Setup complete
[  9333.217] (II) intel(0): [DRI2]   DRI driver: i965
[  9333.217] (II) intel(0): [DRI2]   VDPAU driver: va_gl
[  9333.217] (II) intel(0): direct rendering: DRI2 DRI3 enabled
[  9333.217] (II) intel(0): hardware support for Present enabled
[  9333.217] (II) Initializing extension Generic Event Extension
[  9333.217] (II) Initializing extension SHAPE
[  9333.217] (II) Initializing extension MIT-SHM
[  9333.217] (II) Initializing extension XInputExtension
[  9333.217] (II) Initializing extension XTEST
[  9333.217] (II) Initializing extension BIG-REQUESTS
[  9333.217] (II) Initializing extension SYNC
[  9333.217] (II) Initializing extension XKEYBOARD
[  9333.217] (II) Initializing extension XC-MISC
[  9333.217] (II) Initializing extension XFIXES
[  9333.217] (II) Initializing extension RENDER
[  9333.217] (II) Initializing extension RANDR
[  9333.217] (II) Initializing extension COMPOSITE
[  9333.217] (II) Initializing extension DAMAGE
[  9333.217] (II) Initializing extension MIT-SCREEN-SAVER
[  9333.217] (II) Initializing extension DOUBLE-BUFFER
[  9333.217] (II) Initializing extension RECORD
[  9333.217] (II) Initializing extension DPMS
[  9333.217] (II) Initializing extension Present
[  9333.217] (II) Initializing extension DRI3
[  9333.217] (II) Initializing extension X-Resource
[  9333.217] (II) Initializing extension XVideo
[  9333.217] (II) Initializing extension XVideo-MotionCompensation
[  9333.217] (II) Initializing extension GLX
[  9333.219] (II) AIGLX: Loaded and initialized i965
[  9333.219] (II) GLX: Initialized DRI2 GL provider for screen 0
[  9333.219] (II) Initializing extension XFree86-VidModeExtension
[  9333.219] (II) Initializing extension XFree86-DGA
[  9333.219] (II) Initializing extension XFree86-DRI
[  9333.219] (II) Initializing extension DRI2
[  9333.221] (II) intel(0): switch to mode 1920x1080@60.0 on eDP1 using pipe 0, position (0, 0), rotation normal, reflection none
[  9333.223] (II) intel(0): Setting screen physical size to 508 x 285
[  9333.243] (II) config/udev: Adding input device Power Button (/dev/input/event2)
[  9333.243] (**) Power Button: Applying InputClass "libinput keyboard catchall"
[  9333.243] (II) LoadModule: "libinput"
[  9333.243] (II) Loading /usr/lib64/xorg/modules/input/libinput_drv.so
[  9333.243] (II) Module libinput: vendor="X.Org Foundation"
[  9333.243] 	compiled for 1.21.1.3, module version = 1.2.1
[  9333.243] 	Module class: X.Org XInput Driver
[  9333.243] 	ABI class: X.Org XInput driver, version 24.4
[  9333.243] (II) Using input driver 'libinput' for 'Power Button'
[  9333.244] (II) systemd-logind: got fd for /dev/input/event2 13:66 fd 21 paused 0
[  9333.244] (**) Power Button: always reports core events
[  9333.244] (**) Option "Device" "/dev/input/event2"
[  9333.245] (II) event2  - Power Button: is tagged by udev as: Keyboard
[  9333.245] (II) event2  - Power Button: device is a keyboard
[  9333.245] (II) event2  - Power Button: device removed
[  9333.245] (**) Option "config_info" "udev:/sys/devices/LNXSYSTM:00/LNXPWRBN:00/input/input2/event2"
[  9333.245] (II) XINPUT: Adding extended input device "Power Button" (type: KEYBOARD, id 6)
[  9333.245] (II) event2  - Power Button: is tagged by udev as: Keyboard
[  9333.245] (II) event2  - Power Button: device is a keyboard
[  9333.246] (II) config/udev: Adding input device Video Bus (/dev/input/event5)
[  9333.246] (**) Video Bus: Applying InputClass "libinput keyboard catchall"
[  9333.246] (II) Using input driver 'libinput' for 'Video Bus'
[  9333.246] (II) systemd-logind: got fd for /dev/input/event5 13:69 fd 24 paused 0
[  9333.246] (**) Video Bus: always reports core events
[  9333.246] (**) Option "Device" "/dev/input/event5"
[  9333.247] (II) event5  - Video Bus: is tagged by udev as: Keyboard
[  9333.247] (II) event5  - Video Bus: device is a keyboard
[  9333.247] (II) event5  - Video Bus: device removed
[  9333.247] (**) Option "config_info" "udev:/sys/devices/LNXSYSTM:00/LNXSYBUS:00/PNP0A08:00/LNXVIDEO:00/input/input18/event5"
[  9333.247] (II) XINPUT: Adding extended input device "Video Bus" (type: KEYBOARD, id 7)
[  9333.247] (II) event5  - Video Bus: is tagged by udev as: Keyboard
[  9333.247] (II) event5  - Video Bus: device is a keyboard
[  9333.248] (II) config/udev: Adding input device Lid Switch (/dev/input/event1)
[  9333.248] (II) No input driver specified, ignoring this device.
[  9333.248] (II) This device may have been added with another device file.
[  9333.248] (II) config/udev: Adding input device Sleep Button (/dev/input/event0)
[  9333.248] (**) Sleep Button: Applying InputClass "libinput keyboard catchall"
[  9333.248] (II) Using input driver 'libinput' for 'Sleep Button'
[  9333.248] (II) systemd-logind: got fd for /dev/input/event0 13:64 fd 25 paused 0
[  9333.248] (**) Sleep Button: always reports core events
[  9333.248] (**) Option "Device" "/dev/input/event0"
[  9333.249] (II) event0  - Sleep Button: is tagged by udev as: Keyboard
[  9333.249] (II) event0  - Sleep Button: device is a keyboard
[  9333.249] (II) event0  - Sleep Button: device removed
[  9333.249] (**) Option "config_info" "udev:/sys/devices/LNXSYSTM:00/LNXSYBUS:00/PNP0C0E:00/input/input0/event0"
[  9333.249] (II) XINPUT: Adding extended input device "Sleep Button" (type: KEYBOARD, id 8)
[  9333.249] (II) event0  - Sleep Button: is tagged by udev as: Keyboard
[  9333.250] (II) event0  - Sleep Button: device is a keyboard
[  9333.250] (II) config/udev: Adding input device Logitech MX Master 3 (/dev/input/event10)
[  9333.250] (**) Logitech MX Master 3: Applying InputClass "libinput pointer catchall"
[  9333.250] (**) Logitech MX Master 3: Applying InputClass "libinput keyboard catchall"
[  9333.250] (II) Using input driver 'libinput' for 'Logitech MX Master 3'
[  9333.250] (II) systemd-logind: got fd for /dev/input/event10 13:74 fd 26 paused 0
[  9333.251] (**) Logitech MX Master 3: always reports core events
[  9333.251] (**) Option "Device" "/dev/input/event10"
[  9333.251] (II) event10 - Logitech MX Master 3: is tagged by udev as: Keyboard Mouse
[  9333.251] (II) event10 - Logitech MX Master 3: device is a pointer
[  9333.251] (II) event10 - Logitech MX Master 3: device is a keyboard
[  9333.252] (II) event10 - Logitech MX Master 3: device removed
[  9333.252] (II) libinput: Logitech MX Master 3: needs a virtual subdevice
[  9333.252] (**) Option "config_info" "udev:/sys/devices/pci0000:00/0000:00:14.0/usb1/1-3/1-3:1.2/0003:046D:C52B.0003/0003:046D:4082.0004/input/input21/event10"
[  9333.252] (II) XINPUT: Adding extended input device "Logitech MX Master 3" (type: MOUSE, id 9)
[  9333.252] (**) Option "AccelerationScheme" "none"
[  9333.252] (**) Logitech MX Master 3: (accel) selected scheme none/0
[  9333.252] (**) Logitech MX Master 3: (accel) acceleration factor: 2.000
[  9333.252] (**) Logitech MX Master 3: (accel) acceleration threshold: 4
[  9333.252] (II) event10 - Logitech MX Master 3: is tagged by udev as: Keyboard Mouse
[  9333.253] (II) event10 - Logitech MX Master 3: device is a pointer
[  9333.253] (II) event10 - Logitech MX Master 3: device is a keyboard
[  9333.253] (II) config/udev: Adding input device Logitech MX Master 3 (/dev/input/mouse1)
[  9333.253] (II) No input driver specified, ignoring this device.
[  9333.253] (II) This device may have been added with another device file.
[  9333.253] (II) config/udev: Adding input device Integrated Camera: Integrated C (/dev/input/event6)
[  9333.253] (**) Integrated Camera: Integrated C: Applying InputClass "libinput keyboard catchall"
[  9333.253] (II) Using input driver 'libinput' for 'Integrated Camera: Integrated C'
[  9333.254] (II) systemd-logind: got fd for /dev/input/event6 13:70 fd 27 paused 0
[  9333.254] (**) Integrated Camera: Integrated C: always reports core events
[  9333.254] (**) Option "Device" "/dev/input/event6"
[  9333.254] (II) event6  - Integrated Camera: Integrated C: is tagged by udev as: Keyboard
[  9333.254] (II) event6  - Integrated Camera: Integrated C: device is a keyboard
[  9333.254] (II) event6  - Integrated Camera: Integrated C: device removed
[  9333.255] (**) Option "config_info" "udev:/sys/devices/pci0000:00/0000:00:14.0/usb1/1-8/1-8:1.0/input/input19/event6"
[  9333.255] (II) XINPUT: Adding extended input device "Integrated Camera: Integrated C" (type: KEYBOARD, id 10)
[  9333.255] (II) event6  - Integrated Camera: Integrated C: is tagged by udev as: Keyboard
[  9333.255] (II) event6  - Integrated Camera: Integrated C: device is a keyboard
[  9333.256] (II) config/udev: Adding input device Integrated Camera: Integrated I (/dev/input/event9)
[  9333.256] (**) Integrated Camera: Integrated I: Applying InputClass "libinput keyboard catchall"
[  9333.256] (II) Using input driver 'libinput' for 'Integrated Camera: Integrated I'
[  9333.256] (II) systemd-logind: got fd for /dev/input/event9 13:73 fd 28 paused 0
[  9333.256] (**) Integrated Camera: Integrated I: always reports core events
[  9333.256] (**) Option "Device" "/dev/input/event9"
[  9333.257] (II) event9  - Integrated Camera: Integrated I: is tagged by udev as: Keyboard
[  9333.257] (II) event9  - Integrated Camera: Integrated I: device is a keyboard
[  9333.257] (II) event9  - Integrated Camera: Integrated I: device removed
[  9333.257] (**) Option "config_info" "udev:/sys/devices/pci0000:00/0000:00:14.0/usb1/1-8/1-8:1.2/input/input20/event9"
[  9333.257] (II) XINPUT: Adding extended input device "Integrated Camera: Integrated I" (type: KEYBOARD, id 11)
[  9333.258] (II) event9  - Integrated Camera: Integrated I: is tagged by udev as: Keyboard
[  9333.258] (II) event9  - Integrated Camera: Integrated I: device is a keyboard
[  9333.258] (II) config/udev: Adding input device sof-hda-dsp Mic (/dev/input/event11)
[  9333.258] (II) No input driver specified, ignoring this device.
[  9333.258] (II) This device may have been added with another device file.
[  9333.258] (II) config/udev: Adding input device sof-hda-dsp Headphone (/dev/input/event12)
[  9333.258] (**) sof-hda-dsp Headphone: Applying InputClass "libinput keyboard catchall"
[  9333.258] (II) Using input driver 'libinput' for 'sof-hda-dsp Headphone'
[  9333.259] (II) systemd-logind: got fd for /dev/input/event12 13:76 fd 29 paused 0
[  9333.259] (**) sof-hda-dsp Headphone: always reports core events
[  9333.259] (**) Option "Device" "/dev/input/event12"
[  9333.259] (II) event12 - sof-hda-dsp Headphone: is tagged by udev as: Keyboard Switch
[  9333.259] (II) event12 - sof-hda-dsp Headphone: device is a keyboard
[  9333.259] (II) event12 - sof-hda-dsp Headphone: device removed
[  9333.259] (**) Option "config_info" "udev:/sys/devices/pci0000:00/0000:00:1f.3/skl_hda_dsp_generic/sound/card0/input23/event12"
[  9333.259] (II) XINPUT: Adding extended input device "sof-hda-dsp Headphone" (type: KEYBOARD, id 12)
[  9333.260] (II) event12 - sof-hda-dsp Headphone: is tagged by udev as: Keyboard Switch
[  9333.260] (II) event12 - sof-hda-dsp Headphone: device is a keyboard
[  9333.260] (II) config/udev: Adding input device sof-hda-dsp HDMI/DP,pcm=3 (/dev/input/event13)
[  9333.260] (II) No input driver specified, ignoring this device.
[  9333.260] (II) This device may have been added with another device file.
[  9333.260] (II) config/udev: Adding input device sof-hda-dsp HDMI/DP,pcm=4 (/dev/input/event14)
[  9333.260] (II) No input driver specified, ignoring this device.
[  9333.260] (II) This device may have been added with another device file.
[  9333.260] (II) config/udev: Adding input device sof-hda-dsp HDMI/DP,pcm=5 (/dev/input/event15)
[  9333.260] (II) No input driver specified, ignoring this device.
[  9333.260] (II) This device may have been added with another device file.
[  9333.261] (II) config/udev: Adding input device AT Translated Set 2 keyboard (/dev/input/event3)
[  9333.261] (**) AT Translated Set 2 keyboard: Applying InputClass "libinput keyboard catchall"
[  9333.261] (II) Using input driver 'libinput' for 'AT Translated Set 2 keyboard'
[  9333.261] (II) systemd-logind: got fd for /dev/input/event3 13:67 fd 30 paused 0
[  9333.261] (**) AT Translated Set 2 keyboard: always reports core events
[  9333.261] (**) Option "Device" "/dev/input/event3"
[  9333.262] (II) event3  - AT Translated Set 2 keyboard: is tagged by udev as: Keyboard
[  9333.262] (II) event3  - AT Translated Set 2 keyboard: device is a keyboard
[  9333.262] (II) event3  - AT Translated Set 2 keyboard: device removed
[  9333.262] (**) Option "config_info" "udev:/sys/devices/platform/i8042/serio0/input/input3/event3"
[  9333.262] (II) XINPUT: Adding extended input device "AT Translated Set 2 keyboard" (type: KEYBOARD, id 13)
[  9333.263] (II) event3  - AT Translated Set 2 keyboard: is tagged by udev as: Keyboard
[  9333.263] (II) event3  - AT Translated Set 2 keyboard: device is a keyboard
[  9333.264] (II) config/udev: Adding input device TPPS/2 Elan TrackPoint (/dev/input/event4)
[  9333.264] (**) TPPS/2 Elan TrackPoint: Applying InputClass "libinput pointer catchall"
[  9333.264] (II) Using input driver 'libinput' for 'TPPS/2 Elan TrackPoint'
[  9333.264] (II) systemd-logind: got fd for /dev/input/event4 13:68 fd 31 paused 0
[  9333.264] (**) TPPS/2 Elan TrackPoint: always reports core events
[  9333.264] (**) Option "Device" "/dev/input/event4"
[  9333.264] (II) event4  - TPPS/2 Elan TrackPoint: is tagged by udev as: Mouse Pointingstick
[  9333.265] (II) event4  - TPPS/2 Elan TrackPoint: device is a pointer
[  9333.265] (II) event4  - TPPS/2 Elan TrackPoint: device removed
[  9333.265] (**) Option "config_info" "udev:/sys/devices/platform/i8042/serio1/input/input5/event4"
[  9333.265] (II) XINPUT: Adding extended input device "TPPS/2 Elan TrackPoint" (type: MOUSE, id 14)
[  9333.265] (**) Option "AccelerationScheme" "none"
[  9333.265] (**) TPPS/2 Elan TrackPoint: (accel) selected scheme none/0
[  9333.265] (**) TPPS/2 Elan TrackPoint: (accel) acceleration factor: 2.000
[  9333.265] (**) TPPS/2 Elan TrackPoint: (accel) acceleration threshold: 4
[  9333.266] (II) event4  - TPPS/2 Elan TrackPoint: is tagged by udev as: Mouse Pointingstick
[  9333.266] (II) event4  - TPPS/2 Elan TrackPoint: device is a pointer
[  9333.267] (II) config/udev: Adding input device TPPS/2 Elan TrackPoint (/dev/input/mouse0)
[  9333.267] (II) No input driver specified, ignoring this device.
[  9333.267] (II) This device may have been added with another device file.
[  9333.267] (II) config/udev: Adding input device PC Speaker (/dev/input/event8)
[  9333.267] (II) No input driver specified, ignoring this device.
[  9333.267] (II) This device may have been added with another device file.
[  9333.268] (II) config/udev: Adding input device ThinkPad Extra Buttons (/dev/input/event7)
[  9333.268] (**) ThinkPad Extra Buttons: Applying InputClass "libinput keyboard catchall"
[  9333.268] (II) Using input driver 'libinput' for 'ThinkPad Extra Buttons'
[  9333.268] (II) systemd-logind: got fd for /dev/input/event7 13:71 fd 32 paused 0
[  9333.268] (**) ThinkPad Extra Buttons: always reports core events
[  9333.268] (**) Option "Device" "/dev/input/event7"
[  9333.269] (II) event7  - ThinkPad Extra Buttons: is tagged by udev as: Keyboard Switch
[  9333.269] (II) event7  - ThinkPad Extra Buttons: device is a keyboard
[  9333.269] (II) event7  - ThinkPad Extra Buttons: device is a switch device
[  9333.269] (II) event7  - ThinkPad Extra Buttons: device removed
[  9333.269] (**) Option "config_info" "udev:/sys/devices/platform/thinkpad_acpi/input/input16/event7"
[  9333.269] (II) XINPUT: Adding extended input device "ThinkPad Extra Buttons" (type: KEYBOARD, id 15)
[  9333.270] (II) event7  - ThinkPad Extra Buttons: is tagged by udev as: Keyboard Switch
[  9333.270] (II) event7  - ThinkPad Extra Buttons: device is a keyboard
[  9333.270] (II) event7  - ThinkPad Extra Buttons: device is a switch device
[  9333.290] (**) Logitech MX Master 3: Applying InputClass "libinput pointer catchall"
[  9333.290] (**) Logitech MX Master 3: Applying InputClass "libinput keyboard catchall"
[  9333.290] (II) Using input driver 'libinput' for 'Logitech MX Master 3'
[  9333.290] (II) systemd-logind: returning pre-existing fd for /dev/input/event10 13:74
[  9333.290] (**) Logitech MX Master 3: always reports core events
[  9333.290] (**) Option "Device" "/dev/input/event10"
[  9333.290] (II) libinput: Logitech MX Master 3: is a virtual subdevice
[  9333.290] (**) Option "config_info" "udev:/sys/devices/pci0000:00/0000:00:14.0/usb1/1-3/1-3:1.2/0003:046D:C52B.0003/0003:046D:4082.0004/input/input21/event10"
[  9333.290] (II) XINPUT: Adding extended input device "Logitech MX Master 3" (type: KEYBOARD, id 16)
[  9335.219] (II) intel(0): EDID vendor "BOE", prod id 2011
[  9335.219] (II) intel(0): Printing DDC gathered Modelines:
[  9335.219] (II) intel(0): Modeline "1920x1080"x0.0  143.94  1920 1968 2000 2142  1080 1083 1089 1120 +hsync -vsync (67.2 kHz eP)
[  9335.219] (II) intel(0): Modeline "1920x1080"x0.0  115.15  1920 1968 2000 2142  1080 1083 1089 1120 +hsync -vsync (53.8 kHz e)
[  9417.465] (EE) client bug: timer event10 debounce: scheduled expiry is in the past (-9ms), your system is too slow
[  9417.465] (EE) client bug: timer event10 debounce short: scheduled expiry is in the past (-22ms), your system is too slow
[ 10237.076] (EE) event10 - Logitech MX Master 3: client bug: event processing lagging behind by 22ms, your system is too slow
[ 10237.850] (EE) event10 - Logitech MX Master 3: client bug: event processing lagging behind by 22ms, your system is too slow
[ 10243.966] (EE) client bug: timer event10 debounce: scheduled expiry is in the past (-0ms), your system is too slow
[ 10243.966] (EE) client bug: timer event10 debounce short: scheduled expiry is in the past (-13ms), your system is too slow
[ 10250.218] (EE) client bug: timer event10 debounce short: scheduled expiry is in the past (-8ms), your system is too slow
